<?xml version="1.0" encoding="UTF-8"?>
<!-- Generated by org.testng.reporters.JUnitReportReporter -->
<testsuite hostname="DESKTOP-RI13JPR" failures="0" tests="2" name="a_family.A" time="3.325" errors="0" timestamp="06 Jun. 2022 23:56:41 GMT" skipped="0">
  <testcase classname="a_family.A" name="testA" time="1.694"/>
  <testcase classname="a_family.A" name="testA" time="1.631"/>
</testsuite> <!-- a_family.A -->
