<?xml version="1.0" encoding="UTF-8"?>
<!-- Generated by org.testng.reporters.JUnitReportReporter -->
<testsuite hostname="DESKTOP-RI13JPR" failures="0" tests="2" name="c_family.C" time="2.163" errors="0" timestamp="06 Jun. 2022 23:56:41 GMT" skipped="0">
  <testcase classname="c_family.C" name="testC" time="1.084"/>
  <testcase classname="c_family.C" name="testC" time="1.079"/>
</testsuite> <!-- c_family.C -->
