<?xml version="1.0" encoding="UTF-8"?>
<!-- Generated by org.testng.reporters.JUnitReportReporter -->
<testsuite hostname="DESKTOP-RI13JPR" failures="0" tests="2" name="b_family.B" time="2.147" errors="0" timestamp="06 Jun. 2022 23:56:41 GMT" skipped="0">
  <testcase classname="b_family.B" name="testB" time="1.089"/>
  <testcase classname="b_family.B" name="testB" time="1.058"/>
</testsuite> <!-- b_family.B -->
